<?xml version="1.0" encoding="UTF-8"?>
<testng-results ignored="0" total="2" passed="2" failed="0" skipped="0">
  <reporter-output>
  </reporter-output>
  <suite started-at="2020-06-02T22:07:13 PDT" name="ExportReport" finished-at="2020-06-02T22:07:25 PDT" duration-ms="11584">
    <groups>
    </groups>
    <test started-at="2020-06-02T22:07:13 PDT" name="TEST1" finished-at="2020-06-02T22:07:20 PDT" duration-ms="6774">
      <class name="reportexcel.Test_01">
        <test-method is-config="true" signature="baseclass1()[pri:0, instance:reportexcel.Test_01@2e385cce]" started-at="2020-06-02T22:07:13 PDT" name="baseclass1" finished-at="2020-06-02T22:07:18 PDT" duration-ms="4540" status="PASS">
          <reporter-output>
          </reporter-output>
        </test-method> <!-- baseclass1 -->
        <test-method signature="t_001()[pri:0, instance:reportexcel.Test_01@2e385cce]" started-at="2020-06-02T22:07:18 PDT" name="t_001" finished-at="2020-06-02T22:07:20 PDT" duration-ms="2114" status="PASS">
          <reporter-output>
          </reporter-output>
        </test-method> <!-- t_001 -->
        <test-method is-config="true" signature="quitDriver()[pri:0, instance:reportexcel.Test_01@2e385cce]" started-at="2020-06-02T22:07:20 PDT" name="quitDriver" finished-at="2020-06-02T22:07:20 PDT" duration-ms="91" status="PASS">
          <reporter-output>
          </reporter-output>
        </test-method> <!-- quitDriver -->
      </class> <!-- reportexcel.Test_01 -->
    </test> <!-- TEST1 -->
    <test started-at="2020-06-02T22:07:20 PDT" name="TEST2" finished-at="2020-06-02T22:07:25 PDT" duration-ms="4755">
      <class name="reportexcel.Test_02">
        <test-method is-config="true" signature="baseclass1()[pri:0, instance:reportexcel.Test_02@202b0582]" started-at="2020-06-02T22:07:20 PDT" name="baseclass1" finished-at="2020-06-02T22:07:25 PDT" duration-ms="4358" status="PASS">
          <reporter-output>
          </reporter-output>
        </test-method> <!-- baseclass1 -->
        <test-method signature="t_002()[pri:0, instance:reportexcel.Test_02@202b0582]" started-at="2020-06-02T22:07:25 PDT" name="t_002" finished-at="2020-06-02T22:07:25 PDT" duration-ms="332" status="PASS">
          <reporter-output>
          </reporter-output>
        </test-method> <!-- t_002 -->
        <test-method is-config="true" signature="quitDriver()[pri:0, instance:reportexcel.Test_02@202b0582]" started-at="2020-06-02T22:07:25 PDT" name="quitDriver" finished-at="2020-06-02T22:07:25 PDT" duration-ms="61" status="PASS">
          <reporter-output>
          </reporter-output>
        </test-method> <!-- quitDriver -->
        <test-method is-config="true" signature="generateReport()[pri:0, instance:reportexcel.Test_02@202b0582]" started-at="2020-06-02T22:07:25 PDT" name="generateReport" finished-at="2020-06-02T22:07:25 PDT" duration-ms="2" status="FAIL">
          <exception class="java.lang.NoClassDefFoundError">
            <message>
              <![CDATA[org/jfree/data/general/PieDataset]]>
            </message>
            <full-stacktrace>
              <![CDATA[java.lang.NoClassDefFoundError: org/jfree/data/general/PieDataset
at base.Baseclass.generateReport(Baseclass.java:31)
at java.base/jdk.internal.reflect.NativeMethodAccessorImpl.invoke0(Native Method)
at java.base/jdk.internal.reflect.NativeMethodAccessorImpl.invoke(NativeMethodAccessorImpl.java:62)
at java.base/jdk.internal.reflect.DelegatingMethodAccessorImpl.invoke(DelegatingMethodAccessorImpl.java:43)
at java.base/java.lang.reflect.Method.invoke(Method.java:564)
at org.testng.internal.MethodInvocationHelper.invokeMethod(MethodInvocationHelper.java:135)
at org.testng.internal.MethodInvocationHelper.invokeMethodConsideringTimeout(MethodInvocationHelper.java:64)
at org.testng.internal.ConfigInvoker.invokeConfigurationMethod(ConfigInvoker.java:364)
at org.testng.internal.ConfigInvoker.invokeConfigurations(ConfigInvoker.java:318)
at org.testng.SuiteRunner.privateRun(SuiteRunner.java:351)
at org.testng.SuiteRunner.run(SuiteRunner.java:286)
at org.testng.SuiteRunnerWorker.runSuite(SuiteRunnerWorker.java:53)
at org.testng.SuiteRunnerWorker.run(SuiteRunnerWorker.java:96)
at org.testng.TestNG.runSuitesSequentially(TestNG.java:1214)
at org.testng.TestNG.runSuitesLocally(TestNG.java:1136)
at org.testng.TestNG.runSuites(TestNG.java:1066)
at org.testng.TestNG.run(TestNG.java:1034)
at org.testng.remote.AbstractRemoteTestNG.run(AbstractRemoteTestNG.java:115)
at org.testng.remote.RemoteTestNG.initAndRun(RemoteTestNG.java:251)
at org.testng.remote.RemoteTestNG.main(RemoteTestNG.java:77)
Caused by: java.lang.ClassNotFoundException: org.jfree.data.general.PieDataset
at java.base/jdk.internal.loader.BuiltinClassLoader.loadClass(BuiltinClassLoader.java:602)
at java.base/jdk.internal.loader.ClassLoaders$AppClassLoader.loadClass(ClassLoaders.java:178)
at java.base/java.lang.ClassLoader.loadClass(ClassLoader.java:522)
... 20 more
]]>
            </full-stacktrace>
          </exception> <!-- java.lang.NoClassDefFoundError -->
          <reporter-output>
          </reporter-output>
        </test-method> <!-- generateReport -->
      </class> <!-- reportexcel.Test_02 -->
    </test> <!-- TEST2 -->
  </suite> <!-- ExportReport -->
</testng-results>
