<?xml version="1.0" encoding="UTF-8"?>
<!-- Generated by org.testng.reporters.JUnitXMLReporter -->
<testsuite ignored="0" hostname="THANHKHANH" failures="0" tests="3" name="Default test" time="0.053" errors="0" timestamp="2020-06-06T10:07:46 PDT">
  <testcase classname="com.annotations.TestAnnotations2" name="Login" time="0.007"/>
  <testcase classname="com.annotations.TestAnnotations2" name="AccountEnquiry" time="0.001"/>
  <testcase classname="com.annotations.TestAnnotations2" name="FundTransfer" time="0.001"/>
</testsuite> <!-- Default test -->
