<?xml version="1.0" encoding="UTF-8"?>
<!-- Generated by org.testng.reporters.JUnitXMLReporter -->
<testsuite ignored="0" hostname="THANHKHANH" failures="0" tests="4" name="Demo Parallel Test" time="32.484" errors="0" timestamp="2020-06-02T17:10:35 PDT">
  <testcase classname="com.parallel.ParallelTests" name="LaunchChrome" time="9.566"/>
  <testcase classname="com.parallel.ParallelTests" name="LaunchFirefox" time="18.693"/>
  <testcase classname="com.parallel.ParallelTests" name="TryFacebook1" time="2.05"/>
  <testcase classname="com.parallel.ParallelTests" name="TryFacebook2" time="2.124"/>
</testsuite> <!-- Demo Parallel Test -->
