<?xml version="1.0" encoding="UTF-8"?>
<!-- Generated by org.testng.reporters.JUnitXMLReporter -->
<testsuite ignored="2" hostname="THANHKHANH" failures="0" tests="2" name="Regression" time="0.042" errors="0" timestamp="2020-06-07T09:17:45 PDT">
  <testcase classname="com.groups.GroupingTests" name="EmptyPasswordLogin" time="0.008"/>
  <testcase classname="com.groups.GroupingTests" name="ValidLogin" time="0.001"/>
  <testcase classname="com.groups.GroupingTests" name="InValidLogin" time="0.0">
    <ignored/>
  </testcase> <!-- InValidLogin -->
  <testcase classname="com.groups.GroupingTests" name="FundTransfer" time="0.0">
    <ignored/>
  </testcase> <!-- FundTransfer -->
</testsuite> <!-- Regression -->
