<?xml version="1.0" encoding="UTF-8"?>
<!-- Generated by org.testng.reporters.JUnitXMLReporter -->
<testsuite ignored="0" hostname="THANHKHANH" failures="1" tests="3" name="Test" time="12.213" errors="0" timestamp="2020-06-02T17:32:29 PDT">
  <testcase classname="com.assertions.Assertions" name="Launch" time="6.618"/>
  <testcase classname="com.assertions.Assertions" name="Facebook" time="5.164"/>
  <testcase classname="com.assertions.Assertions" name="Login" time="0.388">
    <failure type="java.lang.AssertionError" message="The following asserts failed:
	expected [Facebook – log in or sign up] but found [FB Title]">
      <![CDATA[java.lang.AssertionError: The following asserts failed:
expected [Facebook – log in or sign up] but found [FB Title]
at com.assertions.Assertions.Login(Assertions.java:41)
at java.base/java.util.ArrayList.forEach(ArrayList.java:1510)
... Removed 29 stack frames]]>
    </failure>
  </testcase> <!-- Login -->
</testsuite> <!-- Test -->
