<?xml version="1.0" encoding="UTF-8"?>
<!-- Generated by org.testng.reporters.JUnitXMLReporter -->
<testsuite ignored="1" hostname="THANHKHANH" failures="0" tests="2" name="Test1" time="0.041" errors="0" timestamp="2020-06-07T09:15:49 PDT">
  <testcase classname="com.groups.Test1" name="testWindowsOnly" time="0.007"/>
  <testcase classname="com.groups.Test1" name="testWindowsToo" time="0.001"/>
  <testcase classname="com.groups.Test1" name="testLinuxOnly" time="0.0">
    <ignored/>
  </testcase> <!-- testLinuxOnly -->
</testsuite> <!-- Test1 -->
